\BOOKMARK [1][-]{section.1}{Introduction }{}% 1
\BOOKMARK [1][-]{section.2}{Literature Review}{}% 2
\BOOKMARK [1][-]{section.3}{Data and Descriptive Evidence }{}% 3
\BOOKMARK [2][-]{subsection.3.1}{Data Collection and Processing}{section.3}% 4
\BOOKMARK [2][-]{subsection.3.2}{Influential Radius}{section.3}% 5
\BOOKMARK [2][-]{subsection.3.3}{Statistical Summary}{section.3}% 6
\BOOKMARK [2][-]{subsection.3.4}{Stylized Fact}{section.3}% 7
\BOOKMARK [1][-]{section.4}{Estimation of Offline Expansion Effect and Online-Mediated Consolidation Effect}{}% 8
\BOOKMARK [2][-]{subsection.4.1}{Does Lianjia's Entry influence the segmented market?}{section.4}% 9
\BOOKMARK [2][-]{subsection.4.2}{Estimate Lianjia's platform consolidation effect}{section.4}% 10
\BOOKMARK [1][-]{section.5}{Extension: Network Clustering Effect}{}% 11
\BOOKMARK [2][-]{subsection.5.1}{Measure of Network Effect}{section.5}% 12
\BOOKMARK [2][-]{subsection.5.2}{Estimation of Network Consolidation on Network Effect}{section.5}% 13
\BOOKMARK [2][-]{subsection.5.3}{Mechanism Design}{section.5}% 14
\BOOKMARK [1][-]{section.6}{Discussion and Conclusion}{}% 15
\BOOKMARK [1][-]{appendix.A}{Codebook}{}% 16
\BOOKMARK [1][-]{appendix.B}{Additional Descriptions of Data}{}% 17
\BOOKMARK [1][-]{appendix.C}{Additional RDD Robustness Tests}{}% 18
\BOOKMARK [1][-]{appendix.D}{Additional Robustness Check of Main Results}{}% 19
\BOOKMARK [2][-]{subsection.D.1}{Additional Robustness Check for the Offline Expansion Effect}{appendix.D}% 20
\BOOKMARK [2][-]{subsection.D.2}{Robustness Check by Dividing the Samples to Low and High Nighttime Lights}{appendix.D}% 21
\BOOKMARK [2][-]{subsection.D.3}{Placebo Test}{appendix.D}% 22
\BOOKMARK [1][-]{appendix.E}{Description of the network effect indices}{}% 23
\BOOKMARK [2][-]{subsection.E.1}{Descriptions of the clustering indices}{appendix.E}% 24
\BOOKMARK [2][-]{subsection.E.2}{Other Indices Measures}{appendix.E}% 25
